2023-02-02 09:37:07 -Shutting down ExecutorService 'applicationTaskExecutor'
2023-02-02 09:37:16 -Starting ServiceApplication on nathan.local with PID 89531 (/Users/zzm/IdeaProjects/im-system/service/target/classes started by zzm in /Users/zzm/IdeaProjects/im-system)
2023-02-02 09:37:16 -The following profiles are active: dev
2023-02-02 09:37:17 -Multiple Spring Data modules found, entering strict repository configuration mode!
2023-02-02 09:37:17 -Bootstrapping Spring Data Redis repositories in DEFAULT mode.
2023-02-02 09:37:17 -Finished Spring Data repository scanning in 19ms. Found 0 Redis repository interfaces.
2023-02-02 09:37:17 -Tomcat initialized with port(s): 8000 (http)
2023-02-02 09:37:17 -Initializing ProtocolHandler ["http-nio-8000"]
2023-02-02 09:37:17 -Starting service [Tomcat]
2023-02-02 09:37:17 -Starting Servlet engine: [Apache Tomcat/9.0.37]
2023-02-02 09:37:17 -Initializing Spring embedded WebApplicationContext
2023-02-02 09:37:17 -Root WebApplicationContext: initialization completed in 1364 ms
2023-02-02 09:37:18 -Initializing ExecutorService 'applicationTaskExecutor'
2023-02-02 09:37:19 -Starting ProtocolHandler ["http-nio-8000"]
2023-02-02 09:37:19 -Tomcat started on port(s): 8000 (http) with context path ''
2023-02-02 09:37:19 -Started ServiceApplication in 3.611 seconds (JVM running for 4.22)
2023-02-02 09:37:36 -Shutting down ExecutorService 'applicationTaskExecutor'
2023-02-02 09:37:40 -Starting ServiceApplication on nathan.local with PID 89537 (/Users/zzm/IdeaProjects/im-system/service/target/classes started by zzm in /Users/zzm/IdeaProjects/im-system)
2023-02-02 09:37:40 -The following profiles are active: dev
2023-02-02 09:37:41 -Multiple Spring Data modules found, entering strict repository configuration mode!
2023-02-02 09:37:41 -Bootstrapping Spring Data Redis repositories in DEFAULT mode.
2023-02-02 09:37:41 -Finished Spring Data repository scanning in 16ms. Found 0 Redis repository interfaces.
2023-02-02 09:37:41 -Tomcat initialized with port(s): 8000 (http)
2023-02-02 09:37:41 -Initializing ProtocolHandler ["http-nio-8000"]
2023-02-02 09:37:41 -Starting service [Tomcat]
2023-02-02 09:37:41 -Starting Servlet engine: [Apache Tomcat/9.0.37]
2023-02-02 09:37:41 -Initializing Spring embedded WebApplicationContext
2023-02-02 09:37:41 -Root WebApplicationContext: initialization completed in 1478 ms
2023-02-02 09:37:42 -Initializing ExecutorService 'applicationTaskExecutor'
2023-02-02 09:37:43 -Starting ProtocolHandler ["http-nio-8000"]
2023-02-02 09:37:43 -Tomcat started on port(s): 8000 (http) with context path ''
2023-02-02 09:37:43 -Started ServiceApplication in 3.754 seconds (JVM running for 4.562)
2023-02-02 09:39:47 -Shutting down ExecutorService 'applicationTaskExecutor'
2023-02-02 09:39:50 -Starting ServiceApplication on nathan.local with PID 89610 (/Users/zzm/IdeaProjects/im-system/service/target/classes started by zzm in /Users/zzm/IdeaProjects/im-system)
2023-02-02 09:39:50 -The following profiles are active: dev
2023-02-02 09:39:51 -Multiple Spring Data modules found, entering strict repository configuration mode!
2023-02-02 09:39:51 -Bootstrapping Spring Data Redis repositories in DEFAULT mode.
2023-02-02 09:39:51 -Finished Spring Data repository scanning in 14ms. Found 0 Redis repository interfaces.
2023-02-02 09:39:52 -Tomcat initialized with port(s): 8000 (http)
2023-02-02 09:39:52 -Initializing ProtocolHandler ["http-nio-8000"]
2023-02-02 09:39:52 -Starting service [Tomcat]
2023-02-02 09:39:52 -Starting Servlet engine: [Apache Tomcat/9.0.37]
2023-02-02 09:39:52 -Initializing Spring embedded WebApplicationContext
2023-02-02 09:39:52 -Root WebApplicationContext: initialization completed in 1237 ms
2023-02-02 09:39:52 -Initializing ExecutorService 'applicationTaskExecutor'
2023-02-02 09:39:53 -Starting ProtocolHandler ["http-nio-8000"]
2023-02-02 09:39:53 -Tomcat started on port(s): 8000 (http) with context path ''
2023-02-02 09:39:53 -Started ServiceApplication in 3.196 seconds (JVM running for 4.028)
2023-02-02 09:47:56 -Initializing Spring DispatcherServlet 'dispatcherServlet'
2023-02-02 09:47:56 -Initializing Servlet 'dispatcherServlet'
2023-02-02 09:47:56 -Completed initialization in 26 ms
2023-02-02 09:47:56 -HikariPool-1 - Starting...
2023-02-02 09:47:56 -HikariPool-1 - Start completed.
2023-02-02 21:41:47 -HikariPool-1 - Thread starvation or clock leap detected (housekeeper delta=5m12s976ms).
2023-02-02 22:48:44 -HikariPool-1 - Thread starvation or clock leap detected (housekeeper delta=1h6m56s910ms).
2023-02-02 23:56:03 -HikariPool-1 - Thread starvation or clock leap detected (housekeeper delta=1h7m18s962ms).
